<?xml version="1.0" encoding="UTF-8"?>
<!-- Generated by org.testng.reporters.JUnitReportReporter -->
<testsuite hostname="ASMORA" failures="0" tests="1" name="projectOne.MyClass" time="0.537" errors="0" timestamp="2024-03-16T02:34:51 EET" skipped="0">
  <testcase classname="projectOne.MyClass" name="CheckTheWebsiteTitle" time="0.537"/>
  <system-out/>
</testsuite> <!-- projectOne.MyClass -->
